<?xml version="1.0" encoding="UTF-8"?>
<!-- Generated by org.testng.reporters.JUnitReportReporter -->
<testsuite hostname="DESKTOP-GI6UN8V" failures="0" tests="3" name="Tests.PUT_PATCH_DELETE_Example" time="3.025" errors="0" timestamp="2023-07-05T20:33:50 IST" skipped="0">
  <testcase classname="Tests.PUT_PATCH_DELETE_Example" name="TestPatch" time="0.518"/>
  <system-out/>
  <testcase classname="Tests.PUT_PATCH_DELETE_Example" name="TestDelete" time="2.064"/>
  <system-out/>
  <testcase classname="Tests.PUT_PATCH_DELETE_Example" name="TestPut" time="0.443"/>
  <system-out/>
</testsuite> <!-- Tests.PUT_PATCH_DELETE_Example -->
