<?xml version="1.0" encoding="UTF-8"?>
<!-- Generated by org.testng.reporters.JUnitReportReporter -->
<testsuite hostname="DESKTOP-GI6UN8V" failures="0" tests="2" name="Tests.GetAndPostExample" time="3.620" errors="0" timestamp="2023-07-05T19:40:55 IST" skipped="0">
  <testcase classname="Tests.GetAndPostExample" name="testGet" time="2.991"/>
  <system-out/>
  <testcase classname="Tests.GetAndPostExample" name="testPost" time="0.629"/>
  <system-out/>
</testsuite> <!-- Tests.GetAndPostExample -->
